<?xml version="1.0" encoding="UTF-8"?>
<!-- Generated by org.testng.reporters.JUnitReportReporter -->
<testsuite skipped="0" hostname="DESKTOP-O5I7VTC" name="PanasonicPurple.PurplePhone" tests="1" failures="0" timestamp="24 Apr 2019 17:04:18 GMT" time="55.838" errors="0">
  <testcase name="f" time="55.838" classname="PanasonicPurple.PurplePhone"/>
</testsuite> <!-- PanasonicPurple.PurplePhone -->
